✅ Éxito: 📸 Imágenes encontradas:
✅ Éxito: ./img-1773112364397-2ew35u9.webp
✅ Éxito: ./img-1773112307747-sai2iaa.webp
✅ Éxito: ./img-17731123347831-fal05i.webp
✅ Éxito: ./img-1773112400062-12iegw4.webp
✅ Éxito: ./img-17731123222281-pbpt84.webp
✅ Éxito: ./abriendocaminos(1).webp
✅ Éxito: ./img-1773002494592-m2aztq.webp
✅ Éxito: ./img-1773002537064-6918oy.webp
✅ Éxito: ./img-1773112387034-pyy4bb3.webp
✅ Éxito: ./img-1773112351349-0mcitrp.webp
✅ Éxito: ./img-1773112101750-8unpnk.webp
✅ Éxito: 📸 Imágenes encontradas:
✅ Éxito: ./img-1773112364397-2ew35u9.webp
✅ Éxito: ./img-1773112307747-sai2iaa.webp
✅ Éxito: ./img-17731123347831-fal05i.webp
✅ Éxito: ./img-1773112400062-12iegw4.webp
✅ Éxito: ./img-17731123222281-pbpt84.webp
✅ Éxito: ./abriendocaminos(1).webp
✅ Éxito: ./img-1773113783002-u8uown.png
✅ Éxito: ./img-1773002494592-m2aztq.webp
✅ Éxito: ./img-1773112387034-pyy4bb3.webp
✅ Éxito: ./img-1773112351349-0mcitrp.webp
✅ Éxito: ./img-1773002537064-6918oy.webp
✅ Éxito: ./img-1773112101750-8unpnk.webp
✅ Éxito: 📸 Imágenes encontradas:
✅ Éxito: ./img-1773112364397-2ew35u9.webp
✅ Éxito: ./img-1773112307747-sai2iaa.webp
✅ Éxito: ./img-17731123347831-fal05i.webp
✅ Éxito: ./img-1773112400062-12iegw4.webp
✅ Éxito: ./img-1773113783002-u8uown.webp
✅ Éxito: ./img-17731123222281-pbpt84.webp
✅ Éxito: ./abriendocaminos(1).webp
✅ Éxito: ./img-1773002494592-m2aztq.webp
✅ Éxito: ./img-1773002537064-6918oy.webp
✅ Éxito: ./img-1773112387034-pyy4bb3.webp
✅ Éxito: ./img-1773112351349-0mcitrp.webp
✅ Éxito: ./img-1773112101750-8unpnk.webp
